[2021-05-06T16:07:24.898] [INFO] app - Initializing database -- OK
[2021-05-06T16:07:24.908] [INFO] app - Loading modules -- OK
[2021-05-06T16:07:24.931] [INFO] app - Starting HTTP server [Port:3000]  -- OK
[2021-05-06T16:07:24.932] [INFO] app - Starting VMS service  -- OK
[2021-05-06T16:07:24.936] [INFO] app - Starting Traccar service -- OK
[2021-05-06T16:07:24.942] [INFO] app - Starting Email to GPS service -- OK
[2021-05-06T16:07:24.943] [INFO] app - Application Started Now
[2021-05-06T16:14:17.965] [INFO] app - Initializing database -- OK
[2021-05-06T16:14:17.974] [INFO] app - Loading modules -- OK
[2021-05-06T16:14:17.998] [INFO] app - Starting HTTP server [Port:3000]  -- OK
[2021-05-06T16:14:17.999] [INFO] app - Starting VMS service  -- OK
[2021-05-06T16:14:18.004] [INFO] app - Starting Traccar service -- OK
[2021-05-06T16:14:18.011] [INFO] app - Starting Email to GPS service -- OK
[2021-05-06T16:14:18.012] [INFO] app - Application Started Now
[2021-05-06T16:15:21.037] [INFO] app - Initializing database -- OK
[2021-05-06T16:15:21.046] [INFO] app - Loading modules -- OK
[2021-05-06T16:15:21.068] [INFO] app - Starting HTTP server [Port:3000]  -- OK
[2021-05-06T16:15:21.069] [INFO] app - Starting VMS service  -- OK
[2021-05-06T16:15:21.073] [INFO] app - Starting Traccar service -- OK
[2021-05-06T16:15:21.079] [INFO] app - Starting Email to GPS service -- OK
[2021-05-06T16:15:21.080] [INFO] app - Application Started Now
[2021-05-06T16:18:57.841] [INFO] app - Initializing database -- OK
[2021-05-06T16:18:57.850] [INFO] app - Loading modules -- OK
[2021-05-06T16:18:57.873] [INFO] app - Starting HTTP server [Port:3000]  -- OK
[2021-05-06T16:18:57.874] [INFO] app - Starting VMS service  -- OK
[2021-05-06T16:18:57.877] [INFO] app - Starting Traccar service -- OK
[2021-05-06T16:18:57.883] [INFO] app - Starting Email to GPS service -- OK
[2021-05-06T16:18:57.884] [INFO] app - Application Started Now
[2021-05-06T16:19:08.684] [ERROR] app - 
[2021-05-06T16:19:19.518] [ERROR] app - 
